Info: Nothing to build for Utn_Bibloteca
Info: Nothing to build for Utn_Bibloteca
22:58:23 **** Incremental Build of configuration Debug for project Utn_Bibloteca ****
Info: Internal Builder is used for build
gcc -O0 -g3 -Wall -c -fmessage-length=0 -o "src\\Utn_Bibloteca.o" "..\\src\\Utn_Bibloteca.c" 
In file included from ..\src\Utn_Bibloteca.c:16:
..\src\VariadicTable.h:3:10: fatal error: iostream: No such file or directory
    3 | #include <iostream>
      |          ^~~~~~~~~~
compilation terminated.
23:13:45 **** Incremental Build of configuration Debug for project Utn_Bibloteca ****
Info: Internal Builder is used for build
gcc -O0 -g3 -Wall -c -fmessage-length=0 -o "src\\tprint.o" "..\\src\\tprint.c" 
In file included from ..\src\tprint.c:18:
..\src\tprint.h:22:10: fatal error: glib.h: No such file or directory
   22 | #include <glib.h>
      |          ^~~~~~~~
compilation terminated.
20:09:23 **** Rebuild of configuration Debug for project Utn_Bibloteca ****
Info: Internal Builder is used for build
gcc -O0 -g3 -Wall -c -fmessage-length=0 -o "src\\utnCadenas.o" "..\\src\\utnCadenas.c" 
gcc -O0 -g3 -Wall -c -fmessage-length=0 -o "src\\utnValidacion.o" "..\\src\\utnValidacion.c" 
gcc -O0 -g3 -Wall -c -fmessage-length=0 -o "src\\Empleado.o" "..\\src\\Empleado.c" 
gcc -O0 -g3 -Wall -c -fmessage-length=0 -o "src\\utnGUI.o" "..\\src\\utnGUI.c" 
..\src\utnGUI.c: In function 'ConfirmacionDeCambios':
..\src\utnGUI.c:78:28: warning: implicit declaration of function 'elegirEntreOpciones' [-Wimplicit-function-declaration]
   78 |  respuestaDeseaContinuar = elegirEntreOpciones(
      |                            ^~~~~~~~~~~~~~~~~~~
..\src\utnGUI.c:91:3: warning: implicit declaration of function 'LimpiarPantalla'; did you mean 'limpiarPantalla'? [-Wimplicit-function-declaration]
   91 |   LimpiarPantalla();
      |   ^~~~~~~~~~~~~~~
      |   limpiarPantalla
..\src\utnGUI.c: In function 'PresionarEnterParaContinuar':
..\src\utnGUI.c:106:3: warning: implicit declaration of function 'FgetsComprimido' [-Wimplicit-function-declaration]
  106 |   FgetsComprimido(bufferUsuario,
      |   ^~~~~~~~~~~~~~~
..\src\utnGUI.c:109:11: warning: implicit declaration of function 'strcmp' [-Wimplicit-function-declaration]
  109 |  } while (strcmp(bufferUsuario, "") != 0);
      |           ^~~~~~
gcc -O0 -g3 -Wall -c -fmessage-length=0 -o "src\\utnArray.o" "..\\src\\utnArray.c" 
gcc -O0 -g3 -Wall -c -fmessage-length=0 -o "src\\Utn_Bibloteca.o" "..\\src\\Utn_Bibloteca.c" 
..\src\Utn_Bibloteca.c: In function 'main':
..\src\Utn_Bibloteca.c:20:6: warning: unused variable 'seSuperoLaPrueba' [-Wunused-variable]
   20 |  int seSuperoLaPrueba = 1;
      |      ^~~~~~~~~~~~~~~~
gcc -o Utn_Bibloteca.exe "src\\Empleado.o" "src\\Utn_Bibloteca.o" "src\\utnArray.o" "src\\utnCadenas.o" "src\\utnGUI.o" "src\\utnValidacion.o" 
c:/mingw/bin/../lib/gcc/mingw32/9.2.0/../../../../mingw32/bin/ld.exe: src\utnGUI.o: in function `ConfirmacionDeCambios':
C:\Users\kenyn\eclipse-workspace\Mi_Bibloteca\Utn_Bibloteca\Debug/../src/utnGUI.c:91: undefined reference to `LimpiarPantalla'
c:/mingw/bin/../lib/gcc/mingw32/9.2.0/../../../../mingw32/bin/ld.exe: src\utnGUI.o: in function `PresionarEnterParaContinuar':
C:\Users\kenyn\eclipse-workspace\Mi_Bibloteca\Utn_Bibloteca\Debug/../src/utnGUI.c:106: undefined reference to `FgetsComprimido'
collect2.exe: error: ld returned 1 exit status
20:09:48 **** Incremental Build of configuration Debug for project Utn_Bibloteca ****
Info: Internal Builder is used for build
gcc -O0 -g3 -Wall -c -fmessage-length=0 -o "src\\utnGUI.o" "..\\src\\utnGUI.c" 
..\src\utnGUI.c: In function 'ConfirmacionDeCambios':
..\src\utnGUI.c:78:28: warning: implicit declaration of function 'elegirEntreOpciones' [-Wimplicit-function-declaration]
   78 |  respuestaDeseaContinuar = elegirEntreOpciones(
      |                            ^~~~~~~~~~~~~~~~~~~
..\src\utnGUI.c: In function 'PresionarEnterParaContinuar':
..\src\utnGUI.c:106:3: warning: implicit declaration of function 'myGets' [-Wimplicit-function-declaration]
  106 |   myGets(bufferUsuario, "\n****Presione 'enter' para continuar*****", 10);
      |   ^~~~~~
..\src\utnGUI.c:108:11: warning: implicit declaration of function 'strcmp' [-Wimplicit-function-declaration]
  108 |  } while (strcmp(bufferUsuario, "") != 0);
      |           ^~~~~~
gcc -o Utn_Bibloteca.exe "src\\Empleado.o" "src\\Utn_Bibloteca.o" "src\\utnArray.o" "src\\utnCadenas.o" "src\\utnGUI.o" "src\\utnValidacion.o" 
20:10:04 **** Incremental Build of configuration Debug for project Utn_Bibloteca ****
Info: Internal Builder is used for build
gcc -O0 -g3 -Wall -c -fmessage-length=0 -o "src\\utnGUI.o" "..\\src\\utnGUI.c" 
..\src\utnGUI.c: In function 'PresionarEnterParaContinuar':
..\src\utnGUI.c:107:3: warning: implicit declaration of function 'myGets' [-Wimplicit-function-declaration]
  107 |   myGets(bufferUsuario, "\n****Presione 'enter' para continuar*****", 10);
      |   ^~~~~~
..\src\utnGUI.c:109:11: warning: implicit declaration of function 'strcmp' [-Wimplicit-function-declaration]
  109 |  } while (strcmp(bufferUsuario, "") != 0);
      |           ^~~~~~
gcc -o Utn_Bibloteca.exe "src\\Empleado.o" "src\\Utn_Bibloteca.o" "src\\utnArray.o" "src\\utnCadenas.o" "src\\utnGUI.o" "src\\utnValidacion.o" 
20:11:04 **** Incremental Build of configuration Debug for project Utn_Bibloteca ****
Info: Internal Builder is used for build
gcc -O0 -g3 -Wall -c -fmessage-length=0 -o "src\\utnGUI.o" "..\\src\\utnGUI.c" 
..\src\utnGUI.c: In function 'PresionarEnterParaContinuar':
..\src\utnGUI.c:109:3: warning: implicit declaration of function 'myGets' [-Wimplicit-function-declaration]
  109 |   myGets(bufferUsuario, 10);
      |   ^~~~~~
gcc -o Utn_Bibloteca.exe "src\\Empleado.o" "src\\Utn_Bibloteca.o" "src\\utnArray.o" "src\\utnCadenas.o" "src\\utnGUI.o" "src\\utnValidacion.o" 
20:11:25 **** Incremental Build of configuration Debug for project Utn_Bibloteca ****
Info: Internal Builder is used for build
gcc -O0 -g3 -Wall -c -fmessage-length=0 -o "src\\utnGUI.o" "..\\src\\utnGUI.c" 
..\src\utnGUI.c: In function 'ConfirmacionDeCambios':
..\src\utnGUI.c:80:28: warning: implicit declaration of function 'elegirEntreOpciones' [-Wimplicit-function-declaration]
   80 |  respuestaDeseaContinuar = elegirEntreOpciones(
      |                            ^~~~~~~~~~~~~~~~~~~
gcc -o Utn_Bibloteca.exe "src\\Empleado.o" "src\\Utn_Bibloteca.o" "src\\utnArray.o" "src\\utnCadenas.o" "src\\utnGUI.o" "src\\utnValidacion.o" 
20:12:11 **** Incremental Build of configuration Debug for project Utn_Bibloteca ****
Info: Internal Builder is used for build
gcc -O0 -g3 -Wall -c -fmessage-length=0 -o "src\\utnGUI.o" "..\\src\\utnGUI.c" 
gcc -o Utn_Bibloteca.exe "src\\Empleado.o" "src\\Utn_Bibloteca.o" "src\\utnArray.o" "src\\utnCadenas.o" "src\\utnGUI.o" "src\\utnValidacion.o" 
18:54:28 **** Rebuild of configuration Debug for project Utn_Bibloteca ****
Info: Internal Builder is used for build
gcc -O0 -g3 -Wall -c -fmessage-length=0 -o "src\\utnValidacion.o" "..\\src\\utnValidacion.c" 
gcc -O0 -g3 -Wall -c -fmessage-length=0 -o "src\\utnGUI.o" "..\\src\\utnGUI.c" 
gcc -O0 -g3 -Wall -c -fmessage-length=0 -o "src\\Utn_Bibloteca.o" "..\\src\\Utn_Bibloteca.c" 
..\src\Utn_Bibloteca.c: In function 'main':
..\src\Utn_Bibloteca.c:63:2: warning: implicit declaration of function 'incializarArrayInt'; did you mean 'inicializarArrayInt'? [-Wimplicit-function-declaration]
   63 |  incializarArrayInt(enteros, 5, 0);
      |  ^~~~~~~~~~~~~~~~~~
      |  inicializarArrayInt
..\src\Utn_Bibloteca.c:111:1: error: expected declaration or statement at end of input
  111 | }
      | ^
..\src\Utn_Bibloteca.c:20:6: warning: variable 'seSuperoLaPrueba' set but not used [-Wunused-but-set-variable]
   20 |  int seSuperoLaPrueba = 1;
      |      ^~~~~~~~~~~~~~~~
18:55:52 **** Incremental Build of configuration Debug for project Utn_Bibloteca ****
Info: Internal Builder is used for build
gcc -O0 -g3 -Wall -c -fmessage-length=0 -o "src\\Utn_Bibloteca.o" "..\\src\\Utn_Bibloteca.c" 
gcc -o Utn_Bibloteca.exe "src\\Empleado.o" "src\\Utn_Bibloteca.o" "src\\utnArray.o" "src\\utnCadenas.o" "src\\utnGUI.o" "src\\utnValidacion.o" 
Info: Nothing to build for Utn_Bibloteca
18:56:18 **** Incremental Build of configuration Debug for project Utn_Bibloteca ****
Info: Internal Builder is used for build
gcc -O0 -g3 -Wall -c -fmessage-length=0 -o "src\\Utn_Bibloteca.o" "..\\src\\Utn_Bibloteca.c" 
gcc -o Utn_Bibloteca.exe "src\\Empleado.o" "src\\Utn_Bibloteca.o" "src\\utnArray.o" "src\\utnCadenas.o" "src\\utnGUI.o" "src\\utnValidacion.o" 
Info: Nothing to build for Utn_Bibloteca
18:58:23 **** Incremental Build of configuration Debug for project Utn_Bibloteca ****
Info: Internal Builder is used for build
gcc -O0 -g3 -Wall -c -fmessage-length=0 -o "src\\utnValidacion.o" "..\\src\\utnValidacion.c" 
gcc -o Utn_Bibloteca.exe "src\\Empleado.o" "src\\Utn_Bibloteca.o" "src\\utnArray.o" "src\\utnCadenas.o" "src\\utnGUI.o" "src\\utnValidacion.o" 
Info: Nothing to build for Utn_Bibloteca
18:59:36 **** Incremental Build of configuration Debug for project Utn_Bibloteca ****
Info: Internal Builder is used for build
gcc -O0 -g3 -Wall -c -fmessage-length=0 -o "src\\Utn_Bibloteca.o" "..\\src\\Utn_Bibloteca.c" 
gcc -o Utn_Bibloteca.exe "src\\Empleado.o" "src\\Utn_Bibloteca.o" "src\\utnArray.o" "src\\utnCadenas.o" "src\\utnGUI.o" "src\\utnValidacion.o" 
18:59:49 **** Incremental Build of configuration Debug for project Utn_Bibloteca ****
Info: Internal Builder is used for build
gcc -O0 -g3 -Wall -c -fmessage-length=0 -o "src\\Utn_Bibloteca.o" "..\\src\\Utn_Bibloteca.c" 
gcc -o Utn_Bibloteca.exe "src\\Empleado.o" "src\\Utn_Bibloteca.o" "src\\utnArray.o" "src\\utnCadenas.o" "src\\utnGUI.o" "src\\utnValidacion.o" 
19:00:01 **** Incremental Build of configuration Debug for project Utn_Bibloteca ****
Info: Internal Builder is used for build
gcc -O0 -g3 -Wall -c -fmessage-length=0 -o "src\\Utn_Bibloteca.o" "..\\src\\Utn_Bibloteca.c" 
gcc -o Utn_Bibloteca.exe "src\\Empleado.o" "src\\Utn_Bibloteca.o" "src\\utnArray.o" "src\\utnCadenas.o" "src\\utnGUI.o" "src\\utnValidacion.o" 
19:00:11 **** Incremental Build of configuration Debug for project Utn_Bibloteca ****
Info: Internal Builder is used for build
gcc -O0 -g3 -Wall -c -fmessage-length=0 -o "src\\Utn_Bibloteca.o" "..\\src\\Utn_Bibloteca.c" 
gcc -o Utn_Bibloteca.exe "src\\Empleado.o" "src\\Utn_Bibloteca.o" "src\\utnArray.o" "src\\utnCadenas.o" "src\\utnGUI.o" "src\\utnValidacion.o" 
19:00:21 **** Incremental Build of configuration Debug for project Utn_Bibloteca ****
Info: Internal Builder is used for build
gcc -O0 -g3 -Wall -c -fmessage-length=0 -o "src\\Utn_Bibloteca.o" "..\\src\\Utn_Bibloteca.c" 
gcc -o Utn_Bibloteca.exe "src\\Empleado.o" "src\\Utn_Bibloteca.o" "src\\utnArray.o" "src\\utnCadenas.o" "src\\utnGUI.o" "src\\utnValidacion.o" 
19:00:27 **** Incremental Build of configuration Debug for project Utn_Bibloteca ****
Info: Internal Builder is used for build
gcc -O0 -g3 -Wall -c -fmessage-length=0 -o "src\\Utn_Bibloteca.o" "..\\src\\Utn_Bibloteca.c" 
gcc -o Utn_Bibloteca.exe "src\\Empleado.o" "src\\Utn_Bibloteca.o" "src\\utnArray.o" "src\\utnCadenas.o" "src\\utnGUI.o" "src\\utnValidacion.o" 
19:00:49 **** Incremental Build of configuration Debug for project Utn_Bibloteca ****
Info: Internal Builder is used for build
gcc -O0 -g3 -Wall -c -fmessage-length=0 -o "src\\utnValidacion.o" "..\\src\\utnValidacion.c" 
gcc -o Utn_Bibloteca.exe "src\\Empleado.o" "src\\Utn_Bibloteca.o" "src\\utnArray.o" "src\\utnCadenas.o" "src\\utnGUI.o" "src\\utnValidacion.o" 
19:25:38 **** Incremental Build of configuration Debug for project Utn_Bibloteca ****
Info: Internal Builder is used for build
gcc -O0 -g3 -Wall -c -fmessage-length=0 -o "src\\utnValidacion.o" "..\\src\\utnValidacion.c" 
gcc -o Utn_Bibloteca.exe "src\\Empleado.o" "src\\Utn_Bibloteca.o" "src\\utnArray.o" "src\\utnCadenas.o" "src\\utnGUI.o" "src\\utnValidacion.o" 
15:34:18 **** Incremental Build of configuration Debug for project Utn_Bibloteca ****
Info: Internal Builder is used for build
gcc -O0 -g3 -Wall -c -fmessage-length=0 -o "src\\Utn_Bibloteca.o" "..\\src\\Utn_Bibloteca.c" 
..\src\Utn_Bibloteca.c: In function 'main':
..\src\Utn_Bibloteca.c:25:2: warning: implicit declaration of function 'cprintf'; did you mean 'wprintf'? [-Wimplicit-function-declaration]
   25 |  cprintf("\n\n%d",seSuperoLaPrueba);
      |  ^~~~~~~
      |  wprintf
gcc -o Utn_Bibloteca.exe "src\\Empleado.o" "src\\Utn_Bibloteca.o" "src\\utnArray.o" "src\\utnCadenas.o" "src\\utnGUI.o" "src\\utnValidacion.o" 
c:/mingw/bin/../lib/gcc/mingw32/9.2.0/../../../../mingw32/bin/ld.exe: src\Utn_Bibloteca.o: in function `main':
C:\Users\kenyn\eclipse-workspace\Mi_Bibloteca\Utn_Bibloteca\Debug/../src/Utn_Bibloteca.c:25: undefined reference to `cprintf'
collect2.exe: error: ld returned 1 exit status
15:34:44 **** Incremental Build of configuration Debug for project Utn_Bibloteca ****
Info: Internal Builder is used for build
gcc -O0 -g3 -Wall -c -fmessage-length=0 -o "src\\Utn_Bibloteca.o" "..\\src\\Utn_Bibloteca.c" 
gcc -o Utn_Bibloteca.exe "src\\Empleado.o" "src\\Utn_Bibloteca.o" "src\\utnArray.o" "src\\utnCadenas.o" "src\\utnGUI.o" "src\\utnValidacion.o" 
15:44:15 **** Incremental Build of configuration Debug for project Utn_Bibloteca ****
Info: Internal Builder is used for build
gcc -O0 -g3 -Wall -c -fmessage-length=0 -o "src\\utnTabla.o" "..\\src\\utnTabla.c" 
gcc -O0 -g3 -Wall -c -fmessage-length=0 -o "src\\Utn_Bibloteca.o" "..\\src\\Utn_Bibloteca.c" 
gcc -o Utn_Bibloteca.exe "src\\Empleado.o" "src\\Utn_Bibloteca.o" "src\\utnArray.o" "src\\utnCadenas.o" "src\\utnGUI.o" "src\\utnTabla.o" "src\\utnValidacion.o" 
Info: Nothing to build for Utn_Bibloteca
17:41:44 **** Incremental Build of configuration Debug for project Utn_Bibloteca ****
Info: Internal Builder is used for build
gcc -O0 -g3 -Wall -c -fmessage-length=0 -o "src\\Utn_Bibloteca.o" "..\\src\\Utn_Bibloteca.c" 
In file included from ..\src\Utn_Bibloteca.c:17:
..\src\utnTabla.h:20:7: error: flexible array member in a struct with no named members
   20 |  char caracter[];
      |       ^~~~~~~~
17:41:55 **** Incremental Build of configuration Debug for project Utn_Bibloteca ****
Info: Internal Builder is used for build
gcc -O0 -g3 -Wall -c -fmessage-length=0 -o "src\\Utn_Bibloteca.o" "..\\src\\Utn_Bibloteca.c" 
In file included from ..\src\Utn_Bibloteca.c:17:
..\src\utnTabla.h:20:7: error: array type has incomplete element type 'char[]'
   20 |  char caracter[][];
      |       ^~~~~~~~
..\src\utnTabla.h:20:7: note: declaration of 'caracter' as multidimensional array must have bounds for all dimensions except the first
17:42:04 **** Incremental Build of configuration Debug for project Utn_Bibloteca ****
Info: Internal Builder is used for build
gcc -O0 -g3 -Wall -c -fmessage-length=0 -o "src\\Utn_Bibloteca.o" "..\\src\\Utn_Bibloteca.c" 
In file included from ..\src\Utn_Bibloteca.c:17:
..\src\utnTabla.h:20:7: error: flexible array member in a struct with no named members
   20 |  char caracter[];
      |       ^~~~~~~~
17:42:54 **** Incremental Build of configuration Debug for project Utn_Bibloteca ****
Info: Internal Builder is used for build
gcc -O0 -g3 -Wall -c -fmessage-length=0 -o "src\\Utn_Bibloteca.o" "..\\src\\Utn_Bibloteca.c" 
In file included from ..\src\Utn_Bibloteca.c:17:
..\src\utnTabla.h:21:16: error: 'tam' undeclared here (not in a function)
   21 |  char caracter[tam];
      |                ^~~
17:50:54 **** Incremental Build of configuration Debug for project Utn_Bibloteca ****
Info: Internal Builder is used for build
gcc -O0 -g3 -Wall -c -fmessage-length=0 -o "src\\Utn_Bibloteca.o" "..\\src\\Utn_Bibloteca.c" 
In file included from ..\src\Utn_Bibloteca.c:17:
..\src\utnTabla.h:34:6: error: flexible array member in a struct with no named members
   34 |  int der[];
      |      ^~~
17:51:13 **** Incremental Build of configuration Debug for project Utn_Bibloteca ****
Info: Internal Builder is used for build
gcc -O0 -g3 -Wall -c -fmessage-length=0 -o "src\\Utn_Bibloteca.o" "..\\src\\Utn_Bibloteca.c" 
gcc -o Utn_Bibloteca.exe "src\\Empleado.o" "src\\Utn_Bibloteca.o" "src\\utnArray.o" "src\\utnCadenas.o" "src\\utnGUI.o" "src\\utnTabla.o" "src\\utnValidacion.o" 
17:51:37 **** Incremental Build of configuration Debug for project Utn_Bibloteca ****
Info: Internal Builder is used for build
gcc -O0 -g3 -Wall -c -fmessage-length=0 -o "src\\Utn_Bibloteca.o" "..\\src\\Utn_Bibloteca.c" 
In file included from ..\src\Utn_Bibloteca.c:17:
..\src\utnTabla.h:34:7: error: flexible array member in a struct with no named members
   34 |  int* pArray[] ;
      |       ^~~~~~
17:53:07 **** Incremental Build of configuration Debug for project Utn_Bibloteca ****
Info: Internal Builder is used for build
gcc -O0 -g3 -Wall -c -fmessage-length=0 -o "src\\Utn_Bibloteca.o" "..\\src\\Utn_Bibloteca.c" 
In file included from ..\src\Utn_Bibloteca.c:17:
..\src\utnTabla.h:34:7: error: array type has incomplete element type 'char[]'
   34 |  char ir[][];
      |       ^~
..\src\utnTabla.h:34:7: note: declaration of 'ir' as multidimensional array must have bounds for all dimensions except the first
17:53:32 **** Incremental Build of configuration Debug for project Utn_Bibloteca ****
Info: Internal Builder is used for build
gcc -O0 -g3 -Wall -c -fmessage-length=0 -o "src\\Utn_Bibloteca.o" "..\\src\\Utn_Bibloteca.c" 
In file included from ..\src\Utn_Bibloteca.c:17:
..\src\utnTabla.h:36:7: error: array type has incomplete element type 'char[]'
   36 |  char ir[CANTCOLUMNAS][];
      |       ^~
..\src\utnTabla.h:36:7: note: declaration of 'ir' as multidimensional array must have bounds for all dimensions except the first
17:53:50 **** Incremental Build of configuration Debug for project Utn_Bibloteca ****
Info: Internal Builder is used for build
gcc -O0 -g3 -Wall -c -fmessage-length=0 -o "src\\Utn_Bibloteca.o" "..\\src\\Utn_Bibloteca.c" 
In file included from ..\src\Utn_Bibloteca.c:17:
..\src\utnTabla.h:35:7: error: flexible array member in a struct with no named members
   35 |  char ir[][LETRASMAXIMAS];
      |       ^~
17:53:59 **** Incremental Build of configuration Debug for project Utn_Bibloteca ****
Info: Internal Builder is used for build
gcc -O0 -g3 -Wall -c -fmessage-length=0 -o "src\\Utn_Bibloteca.o" "..\\src\\Utn_Bibloteca.c" 
gcc -o Utn_Bibloteca.exe "src\\Empleado.o" "src\\Utn_Bibloteca.o" "src\\utnArray.o" "src\\utnCadenas.o" "src\\utnGUI.o" "src\\utnTabla.o" "src\\utnValidacion.o" 
17:54:06 **** Incremental Build of configuration Debug for project Utn_Bibloteca ****
Info: Internal Builder is used for build
gcc -O0 -g3 -Wall -c -fmessage-length=0 -o "src\\Utn_Bibloteca.o" "..\\src\\Utn_Bibloteca.c" 
In file included from ..\src\Utn_Bibloteca.c:17:
..\src\utnTabla.h:35:7: error: array type has incomplete element type 'char[]'
   35 |  char ir[LETRASMAXIMAS][];
      |       ^~
..\src\utnTabla.h:35:7: note: declaration of 'ir' as multidimensional array must have bounds for all dimensions except the first
17:54:15 **** Incremental Build of configuration Debug for project Utn_Bibloteca ****
Info: Internal Builder is used for build
gcc -O0 -g3 -Wall -c -fmessage-length=0 -o "src\\Utn_Bibloteca.o" "..\\src\\Utn_Bibloteca.c" 
In file included from ..\src\Utn_Bibloteca.c:17:
..\src\utnTabla.h:35:7: error: array type has incomplete element type 'char[]'
   35 |  char ir[][];
      |       ^~
..\src\utnTabla.h:35:7: note: declaration of 'ir' as multidimensional array must have bounds for all dimensions except the first
17:54:18 **** Incremental Build of configuration Debug for project Utn_Bibloteca ****
Info: Internal Builder is used for build
gcc -O0 -g3 -Wall -c -fmessage-length=0 -o "src\\Utn_Bibloteca.o" "..\\src\\Utn_Bibloteca.c" 
In file included from ..\src\Utn_Bibloteca.c:17:
..\src\utnTabla.h:35:7: error: flexible array member in a struct with no named members
   35 |  char ir[][LETRASMAXIMAS];
      |       ^~
18:08:27 **** Incremental Build of configuration Debug for project Utn_Bibloteca ****
Info: Internal Builder is used for build
gcc -O0 -g3 -Wall -c -fmessage-length=0 -o "src\\Utn_Bibloteca.o" "..\\src\\Utn_Bibloteca.c" 
..\src\Utn_Bibloteca.c:17:10: fatal error: utnTabla.h: No such file or directory
   17 | #include "utnTabla.h"
      |          ^~~~~~~~~~~~
compilation terminated.
18:08:33 **** Incremental Build of configuration Debug for project Utn_Bibloteca ****
Info: Internal Builder is used for build
gcc -O0 -g3 -Wall -c -fmessage-length=0 -o "src\\Utn_Bibloteca.o" "..\\src\\Utn_Bibloteca.c" 
..\src\Utn_Bibloteca.c: In function 'main':
..\src\Utn_Bibloteca.c:24:18: warning: initialization of 'int *' from incompatible pointer type 'char *' [-Wincompatible-pointer-types]
   24 |  int* pMemoria = nombre;
      |                  ^~~~~~
..\src\Utn_Bibloteca.c:24:7: warning: unused variable 'pMemoria' [-Wunused-variable]
   24 |  int* pMemoria = nombre;
      |       ^~~~~~~~
gcc -o Utn_Bibloteca.exe "src\\Empleado.o" "src\\Utn_Bibloteca.o" "src\\utnArray.o" "src\\utnCadenas.o" "src\\utnGUI.o" "src\\utnValidacion.o" 
18:08:44 **** Incremental Build of configuration Debug for project Utn_Bibloteca ****
Info: Internal Builder is used for build
gcc -O0 -g3 -Wall -c -fmessage-length=0 -o "src\\Utn_Bibloteca.o" "..\\src\\Utn_Bibloteca.c" 
..\src\Utn_Bibloteca.c: In function 'main':
..\src\Utn_Bibloteca.c:24:18: warning: initialization of 'int *' from incompatible pointer type 'char (*)[55]' [-Wincompatible-pointer-types]
   24 |  int* pMemoria = &nombre;
      |                  ^
..\src\Utn_Bibloteca.c:24:7: warning: unused variable 'pMemoria' [-Wunused-variable]
   24 |  int* pMemoria = &nombre;
      |       ^~~~~~~~
gcc -o Utn_Bibloteca.exe "src\\Empleado.o" "src\\Utn_Bibloteca.o" "src\\utnArray.o" "src\\utnCadenas.o" "src\\utnGUI.o" "src\\utnValidacion.o" 
18:08:50 **** Incremental Build of configuration Debug for project Utn_Bibloteca ****
Info: Internal Builder is used for build
gcc -O0 -g3 -Wall -c -fmessage-length=0 -o "src\\Utn_Bibloteca.o" "..\\src\\Utn_Bibloteca.c" 
..\src\Utn_Bibloteca.c: In function 'main':
..\src\Utn_Bibloteca.c:24:18: warning: initialization of 'int *' from 'char' makes pointer from integer without a cast [-Wint-conversion]
   24 |  int* pMemoria = *nombre;
      |                  ^
..\src\Utn_Bibloteca.c:24:7: warning: unused variable 'pMemoria' [-Wunused-variable]
   24 |  int* pMemoria = *nombre;
      |       ^~~~~~~~
gcc -o Utn_Bibloteca.exe "src\\Empleado.o" "src\\Utn_Bibloteca.o" "src\\utnArray.o" "src\\utnCadenas.o" "src\\utnGUI.o" "src\\utnValidacion.o" 
18:09:09 **** Incremental Build of configuration Debug for project Utn_Bibloteca ****
Info: Internal Builder is used for build
gcc -O0 -g3 -Wall -c -fmessage-length=0 -o "src\\Utn_Bibloteca.o" "..\\src\\Utn_Bibloteca.c" 
..\src\Utn_Bibloteca.c: In function 'main':
..\src\Utn_Bibloteca.c:24:18: warning: initialization of 'int *' from 'int' makes pointer from integer without a cast [-Wint-conversion]
   24 |  int* pMemoria = (int)nombre;
      |                  ^
..\src\Utn_Bibloteca.c:24:7: warning: unused variable 'pMemoria' [-Wunused-variable]
   24 |  int* pMemoria = (int)nombre;
      |       ^~~~~~~~
gcc -o Utn_Bibloteca.exe "src\\Empleado.o" "src\\Utn_Bibloteca.o" "src\\utnArray.o" "src\\utnCadenas.o" "src\\utnGUI.o" "src\\utnValidacion.o" 
18:09:16 **** Incremental Build of configuration Debug for project Utn_Bibloteca ****
Info: Internal Builder is used for build
gcc -O0 -g3 -Wall -c -fmessage-length=0 -o "src\\Utn_Bibloteca.o" "..\\src\\Utn_Bibloteca.c" 
..\src\Utn_Bibloteca.c: In function 'main':
..\src\Utn_Bibloteca.c:24:7: warning: unused variable 'pMemoria' [-Wunused-variable]
   24 |  int* pMemoria = (int*)nombre;
      |       ^~~~~~~~
gcc -o Utn_Bibloteca.exe "src\\Empleado.o" "src\\Utn_Bibloteca.o" "src\\utnArray.o" "src\\utnCadenas.o" "src\\utnGUI.o" "src\\utnValidacion.o" 
18:09:40 **** Incremental Build of configuration Debug for project Utn_Bibloteca ****
Info: Internal Builder is used for build
gcc -O0 -g3 -Wall -c -fmessage-length=0 -o "src\\Utn_Bibloteca.o" "..\\src\\Utn_Bibloteca.c" 
..\src\Utn_Bibloteca.c: In function 'main':
..\src\Utn_Bibloteca.c:27:13: warning: format '%s' expects argument of type 'char *', but argument 2 has type 'int' [-Wformat=]
   27 |  printf("\n%s", *pMemoria);
      |            ~^   ~~~~~~~~~
      |             |   |
      |             |   int
      |             char *
      |            %d
gcc -o Utn_Bibloteca.exe "src\\Empleado.o" "src\\Utn_Bibloteca.o" "src\\utnArray.o" "src\\utnCadenas.o" "src\\utnGUI.o" "src\\utnValidacion.o" 
18:09:48 **** Incremental Build of configuration Debug for project Utn_Bibloteca ****
Info: Internal Builder is used for build
gcc -O0 -g3 -Wall -c -fmessage-length=0 -o "src\\Utn_Bibloteca.o" "..\\src\\Utn_Bibloteca.c" 
gcc -o Utn_Bibloteca.exe "src\\Empleado.o" "src\\Utn_Bibloteca.o" "src\\utnArray.o" "src\\utnCadenas.o" "src\\utnGUI.o" "src\\utnValidacion.o" 
08:40:41 **** Incremental Build of configuration Debug for project Utn_Bibloteca ****
Info: Internal Builder is used for build
gcc -O0 -g3 -Wall -c -fmessage-length=0 -o "src\\Utn_Bibloteca.o" "..\\src\\Utn_Bibloteca.c" 
..\src\Utn_Bibloteca.c: In function 'main':
..\src\Utn_Bibloteca.c:20:6: warning: unused variable 'numeros' [-Wunused-variable]
   20 |  int numeros[5] ={2,3,4,5,6};
      |      ^~~~~~~
gcc -o Utn_Bibloteca.exe "src\\Empleado.o" "src\\Utn_Bibloteca.o" "src\\utnArray.o" "src\\utnCadenas.o" "src\\utnGUI.o" "src\\utnValidacion.o" 
09:00:54 **** Incremental Build of configuration Debug for project Utn_Bibloteca ****
Info: Internal Builder is used for build
gcc -O0 -g3 -Wall -c -fmessage-length=0 -o "src\\generic.o" "..\\src\\generic.c" 
In file included from ..\src\generic.c:8:
..\src\generic.h:14:15: error: expected ':', ',', ';', '}' or '__attribute__' before '=' token
   14 |  int *pNumero = NULL;
      |               ^
..\src\generic.c: In function 'genericRestart':
..\src\generic.c:13:9: error: 'eGeneric' {aka 'struct <anonymous>'} has no member named 'pNumero'
   13 |  generic->pNumero = NULL;
      |         ^~
..\src\generic.c:16:1: warning: control reaches end of non-void function [-Wreturn-type]
   16 | }
      | ^
09:01:05 **** Incremental Build of configuration Debug for project Utn_Bibloteca ****
Info: Internal Builder is used for build
gcc -O0 -g3 -Wall -c -fmessage-length=0 -o "src\\generic.o" "..\\src\\generic.c" 
In file included from ..\src\generic.c:8:
..\src\generic.h:15:15: error: expected ':', ',', ';', '}' or '__attribute__' before '=' token
   15 |  int *pNumero = NULL;
      |               ^
..\src\generic.c: In function 'genericRestart':
..\src\generic.c:13:9: error: 'eGeneric' {aka 'struct <anonymous>'} has no member named 'pNumero'
   13 |  generic->pNumero = NULL;
      |         ^~
..\src\generic.c:16:1: warning: control reaches end of non-void function [-Wreturn-type]
   16 | }
      | ^
09:01:25 **** Incremental Build of configuration Debug for project Utn_Bibloteca ****
Info: Internal Builder is used for build
gcc -O0 -g3 -Wall -c -fmessage-length=0 -o "src\\generic.o" "..\\src\\generic.c" 
In file included from ..\src\generic.c:8:
..\src\generic.h:16:25: error: expected ':', ',', ';', '}' or '__attribute__' before '=' token
   16 |  float *pNumeroFlotante = NULL;
      |                         ^
..\src\generic.c: In function 'genericRestart':
..\src\generic.c:15:1: warning: control reaches end of non-void function [-Wreturn-type]
   15 | }
      | ^
09:01:39 **** Incremental Build of configuration Debug for project Utn_Bibloteca ****
Info: Internal Builder is used for build
gcc -O0 -g3 -Wall -c -fmessage-length=0 -o "src\\generic.o" "..\\src\\generic.c" 
In file included from ..\src\generic.c:8:
..\src\generic.h:15:15: error: expected ':', ',', ';', '}' or '__attribute__' before '=' token
   15 |  int *pNumero = NULL;
      |               ^
..\src\generic.c: In function 'genericRestart':
..\src\generic.c:15:1: warning: control reaches end of non-void function [-Wreturn-type]
   15 | }
      | ^
09:04:07 **** Incremental Build of configuration Debug for project Utn_Bibloteca ****
Info: Internal Builder is used for build
gcc -O0 -g3 -Wall -c -fmessage-length=0 -o "src\\generic.o" "..\\src\\generic.c" 
In file included from ..\src\generic.c:8:
..\src\generic.h:15:15: error: expected ':', ',', ';', '}' or '__attribute__' before '=' token
   15 |  int *pNumero = 0;
      |               ^
..\src\generic.c: In function 'genericRestart':
..\src\generic.c:16:10: error: 'eGeneric' {aka 'struct <anonymous>'} has no member named 'pNumero'
   16 |   generic->pNumero = 0;
      |          ^~
..\src\generic.c:17:10: error: 'eGeneric' {aka 'struct <anonymous>'} has no member named 'pNumeroFlotante'
   17 |   generic->pNumeroFlotante = 0;
      |          ^~
..\src\generic.c:18:10: error: 'eGeneric' {aka 'struct <anonymous>'} has no member named 'pNumeroFlotante'
   18 |   generic->pNumeroFlotante = NULL;
      |          ^~
..\src\generic.c:19:10: error: 'eGeneric' {aka 'struct <anonymous>'} has no member named 'pRestart'
   19 |   generic->pRestart = NULL;
      |          ^~
09:04:29 **** Incremental Build of configuration Debug for project Utn_Bibloteca ****
Info: Internal Builder is used for build
gcc -O0 -g3 -Wall -c -fmessage-length=0 -o "src\\generic.o" "..\\src\\generic.c" 
In file included from ..\src\generic.c:8:
..\src\generic.h:15:15: error: expected ':', ',', ';', '}' or '__attribute__' before '=' token
   15 |  int *pNumero = 0;
      |               ^
..\src\generic.c: In function 'genericRestart':
..\src\generic.c:16:10: error: 'eGeneric' {aka 'struct <anonymous>'} has no member named 'pNumero'
   16 |   generic->pNumero = 0;
      |          ^~
..\src\generic.c:17:10: error: 'eGeneric' {aka 'struct <anonymous>'} has no member named 'pNumeroFlotante'
   17 |   generic->pNumeroFlotante = 0;
      |          ^~
..\src\generic.c:18:10: error: 'eGeneric' {aka 'struct <anonymous>'} has no member named 'pNumeroFlotante'
   18 |   generic->pNumeroFlotante = NULL;
      |          ^~
..\src\generic.c:19:10: error: 'eGeneric' {aka 'struct <anonymous>'} has no member named 'pRestart'
   19 |   generic->pRestart = NULL;
      |          ^~
09:04:35 **** Incremental Build of configuration Debug for project Utn_Bibloteca ****
Info: Internal Builder is used for build
gcc -O0 -g3 -Wall -c -fmessage-length=0 -o "src\\generic.o" "..\\src\\generic.c" 
In file included from ..\src\generic.c:8:
..\src\generic.h:15:15: error: expected ':', ',', ';', '}' or '__attribute__' before '=' token
   15 |  int *pNumero = 0;
      |               ^
..\src\generic.c: In function 'genericRestart':
..\src\generic.c:16:11: error: 'eGeneric' {aka 'struct <anonymous>'} has no member named 'pNumero'
   16 |   *generic->pNumero = 0;
      |           ^~
..\src\generic.c:17:10: error: 'eGeneric' {aka 'struct <anonymous>'} has no member named 'pNumeroFlotante'
   17 |   generic->pNumeroFlotante = 0;
      |          ^~
..\src\generic.c:18:10: error: 'eGeneric' {aka 'struct <anonymous>'} has no member named 'pNumeroFlotante'
   18 |   generic->pNumeroFlotante = NULL;
      |          ^~
..\src\generic.c:19:10: error: 'eGeneric' {aka 'struct <anonymous>'} has no member named 'pRestart'
   19 |   generic->pRestart = NULL;
      |          ^~
09:04:40 **** Incremental Build of configuration Debug for project Utn_Bibloteca ****
Info: Internal Builder is used for build
gcc -O0 -g3 -Wall -c -fmessage-length=0 -o "src\\generic.o" "..\\src\\generic.c" 
In file included from ..\src\generic.c:8:
..\src\generic.h:15:15: error: expected ':', ',', ';', '}' or '__attribute__' before '=' token
   15 |  int *pNumero = 0;
      |               ^
..\src\generic.c: In function 'genericRestart':
..\src\generic.c:16:11: error: 'eGeneric' {aka 'struct <anonymous>'} has no member named 'pNumero'
   16 |   &generic->pNumero = 0;
      |           ^~
..\src\generic.c:17:10: error: 'eGeneric' {aka 'struct <anonymous>'} has no member named 'pNumeroFlotante'
   17 |   generic->pNumeroFlotante = 0;
      |          ^~
..\src\generic.c:18:10: error: 'eGeneric' {aka 'struct <anonymous>'} has no member named 'pNumeroFlotante'
   18 |   generic->pNumeroFlotante = NULL;
      |          ^~
..\src\generic.c:19:10: error: 'eGeneric' {aka 'struct <anonymous>'} has no member named 'pRestart'
   19 |   generic->pRestart = NULL;
      |          ^~
09:05:05 **** Incremental Build of configuration Debug for project Utn_Bibloteca ****
Info: Internal Builder is used for build
gcc -O0 -g3 -Wall -c -fmessage-length=0 -o "src\\generic.o" "..\\src\\generic.c" 
In file included from ..\src\generic.c:8:
..\src\generic.h:15:15: error: expected ':', ',', ';', '}' or '__attribute__' before '=' token
   15 |  int *pNumero = 0;
      |               ^
..\src\generic.c: In function 'genericRestart':
..\src\generic.c:16:13: error: 'eGeneric' {aka 'struct <anonymous>'} has no member named 'pNumero'
   16 |   (*generic).pNumero = 0;
      |             ^
..\src\generic.c:17:10: error: 'eGeneric' {aka 'struct <anonymous>'} has no member named 'pNumeroFlotante'
   17 |   generic->pNumeroFlotante = 0;
      |          ^~
..\src\generic.c:18:10: error: 'eGeneric' {aka 'struct <anonymous>'} has no member named 'pNumeroFlotante'
   18 |   generic->pNumeroFlotante = NULL;
      |          ^~
..\src\generic.c:19:10: error: 'eGeneric' {aka 'struct <anonymous>'} has no member named 'pRestart'
   19 |   generic->pRestart = NULL;
      |          ^~
09:05:12 **** Incremental Build of configuration Debug for project Utn_Bibloteca ****
Info: Internal Builder is used for build
gcc -O0 -g3 -Wall -c -fmessage-length=0 -o "src\\generic.o" "..\\src\\generic.c" 
In file included from ..\src\generic.c:8:
..\src\generic.h:15:15: error: expected ':', ',', ';', '}' or '__attribute__' before '=' token
   15 |  int *pNumero = 0;
      |               ^
..\src\generic.c: In function 'genericRestart':
..\src\generic.c:16:10: error: 'eGeneric' {aka 'struct <anonymous>'} has no member named 'pNumero'
   16 |   generic->pNumero = 0;
      |          ^~
..\src\generic.c:17:10: error: 'eGeneric' {aka 'struct <anonymous>'} has no member named 'pNumeroFlotante'
   17 |   generic->pNumeroFlotante = 0;
      |          ^~
..\src\generic.c:18:10: error: 'eGeneric' {aka 'struct <anonymous>'} has no member named 'pNumeroFlotante'
   18 |   generic->pNumeroFlotante = NULL;
      |          ^~
..\src\generic.c:19:10: error: 'eGeneric' {aka 'struct <anonymous>'} has no member named 'pRestart'
   19 |   generic->pRestart = NULL;
      |          ^~
09:05:21 **** Incremental Build of configuration Debug for project Utn_Bibloteca ****
Info: Internal Builder is used for build
gcc -O0 -g3 -Wall -c -fmessage-length=0 -o "src\\generic.o" "..\\src\\generic.c" 
In file included from ..\src\generic.c:8:
..\src\generic.h:15:15: error: expected ':', ',', ';', '}' or '__attribute__' before '=' token
   15 |  int *pNumero = 1;
      |               ^
..\src\generic.c: In function 'genericRestart':
..\src\generic.c:16:10: error: 'eGeneric' {aka 'struct <anonymous>'} has no member named 'pNumero'
   16 |   generic->pNumero = 0;
      |          ^~
..\src\generic.c:17:10: error: 'eGeneric' {aka 'struct <anonymous>'} has no member named 'pNumeroFlotante'
   17 |   generic->pNumeroFlotante = 0;
      |          ^~
..\src\generic.c:18:10: error: 'eGeneric' {aka 'struct <anonymous>'} has no member named 'pNumeroFlotante'
   18 |   generic->pNumeroFlotante = NULL;
      |          ^~
..\src\generic.c:19:10: error: 'eGeneric' {aka 'struct <anonymous>'} has no member named 'pRestart'
   19 |   generic->pRestart = NULL;
      |          ^~
09:06:06 **** Incremental Build of configuration Debug for project Utn_Bibloteca ****
Info: Internal Builder is used for build
gcc -O0 -g3 -Wall -c -fmessage-length=0 -o "src\\generic.o" "..\\src\\generic.c" 
In file included from ..\src\generic.c:8:
..\src\generic.h:15:15: error: expected ':', ',', ';', '}' or '__attribute__' before '=' token
   15 |  int *pNumero = 0;
      |               ^
..\src\generic.c: In function 'genericRestart':
..\src\generic.c:16:10: error: 'eGeneric' {aka 'struct <anonymous>'} has no member named 'pNumero'
   16 |   generic->pNumero = 0;
      |          ^~
..\src\generic.c:17:10: error: 'eGeneric' {aka 'struct <anonymous>'} has no member named 'pNumeroFlotante'
   17 |   generic->pNumeroFlotante = 0;
      |          ^~
..\src\generic.c:18:10: error: 'eGeneric' {aka 'struct <anonymous>'} has no member named 'pNumeroFlotante'
   18 |   generic->pNumeroFlotante = NULL;
      |          ^~
..\src\generic.c:19:10: error: 'eGeneric' {aka 'struct <anonymous>'} has no member named 'pRestart'
   19 |   generic->pRestart = NULL;
      |          ^~
09:06:17 **** Incremental Build of configuration Debug for project Utn_Bibloteca ****
Info: Internal Builder is used for build
gcc -O0 -g3 -Wall -c -fmessage-length=0 -o "src\\generic.o" "..\\src\\generic.c" 
In file included from ..\src\generic.c:8:
..\src\generic.h:16:25: error: expected ':', ',', ';', '}' or '__attribute__' before '=' token
   16 |  float *pNumeroFlotante = 0;
      |                         ^
..\src\generic.c: In function 'genericRestart':
..\src\generic.c:17:10: error: 'eGeneric' {aka 'struct <anonymous>'} has no member named 'pNumeroFlotante'
   17 |   generic->pNumeroFlotante = 0;
      |          ^~
..\src\generic.c:18:10: error: 'eGeneric' {aka 'struct <anonymous>'} has no member named 'pNumeroFlotante'
   18 |   generic->pNumeroFlotante = NULL;
      |          ^~
..\src\generic.c:19:10: error: 'eGeneric' {aka 'struct <anonymous>'} has no member named 'pRestart'
   19 |   generic->pRestart = NULL;
      |          ^~
09:06:28 **** Incremental Build of configuration Debug for project Utn_Bibloteca ****
Info: Internal Builder is used for build
gcc -O0 -g3 -Wall -c -fmessage-length=0 -o "src\\generic.o" "..\\src\\generic.c" 
In file included from ..\src\generic.c:8:
..\src\generic.h:16:25: error: expected ':', ',', ';', '}' or '__attribute__' before '=' token
   16 |  float *pNumeroFlotante = 0;
      |                         ^
..\src\generic.c: In function 'genericRestart':
..\src\generic.c:17:10: error: 'eGeneric' {aka 'struct <anonymous>'} has no member named 'pNumeroFlotante'
   17 |   generic->pNumeroFlotante = 0;
      |          ^~
..\src\generic.c:18:10: error: 'eGeneric' {aka 'struct <anonymous>'} has no member named 'pNumeroFlotante'
   18 |   generic->pNumeroFlotante = NULL;
      |          ^~
..\src\generic.c:19:10: error: 'eGeneric' {aka 'struct <anonymous>'} has no member named 'pRestart'
   19 |   generic->pRestart = NULL;
      |          ^~
09:06:38 **** Incremental Build of configuration Debug for project Utn_Bibloteca ****
Info: Internal Builder is used for build
gcc -O0 -g3 -Wall -c -fmessage-length=0 -o "src\\generic.o" "..\\src\\generic.c" 
In file included from ..\src\generic.c:8:
..\src\generic.h:16:25: error: expected ':', ',', ';', '}' or '__attribute__' before '=' token
   16 |  float *pNumeroFlotante = 0;
      |                         ^
..\src\generic.c: In function 'genericRestart':
..\src\generic.c:17:10: error: 'eGeneric' {aka 'struct <anonymous>'} has no member named 'pNumeroFlotante'
   17 |   generic->pNumeroFlotante = 0;
      |          ^~
..\src\generic.c:18:10: error: 'eGeneric' {aka 'struct <anonymous>'} has no member named 'pNumeroFlotante'
   18 |   generic->pNumeroFlotante = NULL;
      |          ^~
..\src\generic.c:19:10: error: 'eGeneric' {aka 'struct <anonymous>'} has no member named 'pRestart'
   19 |   generic->pRestart = NULL;
      |          ^~
09:06:45 **** Incremental Build of configuration Debug for project Utn_Bibloteca ****
Info: Internal Builder is used for build
gcc -O0 -g3 -Wall -c -fmessage-length=0 -o "src\\generic.o" "..\\src\\generic.c" 
In file included from ..\src\generic.c:8:
..\src\generic.h:16:25: error: expected ':', ',', ';', '}' or '__attribute__' before '=' token
   16 |  float *pNumeroFlotante = 0;
      |                         ^
..\src\generic.c: In function 'genericRestart':
..\src\generic.c:17:10: error: 'eGeneric' {aka 'struct <anonymous>'} has no member named 'pNumeroFlotante'
   17 |   generic->pNumeroFlotante = 0;
      |          ^~
..\src\generic.c:18:10: error: 'eGeneric' {aka 'struct <anonymous>'} has no member named 'pNumeroFlotante'
   18 |   generic->pNumeroFlotante = NULL;
      |          ^~
..\src\generic.c:19:10: error: 'eGeneric' {aka 'struct <anonymous>'} has no member named 'pRestart'
   19 |   generic->pRestart = NULL;
      |          ^~
09:06:56 **** Incremental Build of configuration Debug for project Utn_Bibloteca ****
Info: Internal Builder is used for build
gcc -O0 -g3 -Wall -c -fmessage-length=0 -o "src\\generic.o" "..\\src\\generic.c" 
In file included from ..\src\generic.c:8:
..\src\generic.h:23:20: error: unknown type name 'eGeneric'
   23 | int genericRestart(eGeneric *generic);
      |                    ^~~~~~~~
..\src\generic.c:10:20: error: unknown type name 'eGeneric'
   10 | int genericRestart(eGeneric *generic) {
      |                    ^~~~~~~~
09:07:07 **** Incremental Build of configuration Debug for project Utn_Bibloteca ****
Info: Internal Builder is used for build
gcc -O0 -g3 -Wall -c -fmessage-length=0 -o "src\\generic.o" "..\\src\\generic.c" 
In file included from ..\src\generic.c:8:
..\src\generic.h:16:25: error: expected ':', ',', ';', '}' or '__attribute__' before '=' token
   16 |  float *pNumeroFlotante = 0;
      |                         ^
..\src\generic.c: In function 'genericRestart':
..\src\generic.c:17:10: error: 'eGeneric' {aka 'struct <anonymous>'} has no member named 'pNumeroFlotante'
   17 |   generic->pNumeroFlotante = 0;
      |          ^~
..\src\generic.c:18:10: error: 'eGeneric' {aka 'struct <anonymous>'} has no member named 'pNumeroFlotante'
   18 |   generic->pNumeroFlotante = NULL;
      |          ^~
..\src\generic.c:19:10: error: 'eGeneric' {aka 'struct <anonymous>'} has no member named 'pRestart'
   19 |   generic->pRestart = NULL;
      |          ^~
09:07:13 **** Incremental Build of configuration Debug for project Utn_Bibloteca ****
Info: Internal Builder is used for build
gcc -O0 -g3 -Wall -c -fmessage-length=0 -o "src\\generic.o" "..\\src\\generic.c" 
..\src\generic.c: In function 'genericRestart':
..\src\generic.c:16:10: error: 'eGeneric' {aka 'struct <anonymous>'} has no member named 'pNumero'
   16 |   generic->pNumero = 0;
      |          ^~
..\src\generic.c:17:10: error: 'eGeneric' {aka 'struct <anonymous>'} has no member named 'pNumeroFlotante'
   17 |   generic->pNumeroFlotante = 0;
      |          ^~
..\src\generic.c:18:10: error: 'eGeneric' {aka 'struct <anonymous>'} has no member named 'pNumeroFlotante'
   18 |   generic->pNumeroFlotante = NULL;
      |          ^~
..\src\generic.c:19:10: error: 'eGeneric' {aka 'struct <anonymous>'} has no member named 'pRestart'
   19 |   generic->pRestart = NULL;
      |          ^~
09:07:20 **** Incremental Build of configuration Debug for project Utn_Bibloteca ****
Info: Internal Builder is used for build
gcc -O0 -g3 -Wall -c -fmessage-length=0 -o "src\\generic.o" "..\\src\\generic.c" 
In file included from ..\src\generic.c:8:
..\src\generic.h:16:25: error: expected ':', ',', ';', '}' or '__attribute__' before '=' token
   16 |  float *pNumeroFlotante = 0;
      |                         ^
..\src\generic.c: In function 'genericRestart':
..\src\generic.c:17:10: error: 'eGeneric' {aka 'struct <anonymous>'} has no member named 'pNumeroFlotante'
   17 |   generic->pNumeroFlotante = 0;
      |          ^~
..\src\generic.c:18:10: error: 'eGeneric' {aka 'struct <anonymous>'} has no member named 'pNumeroFlotante'
   18 |   generic->pNumeroFlotante = NULL;
      |          ^~
..\src\generic.c:19:10: error: 'eGeneric' {aka 'struct <anonymous>'} has no member named 'pRestart'
   19 |   generic->pRestart = NULL;
      |          ^~
09:07:25 **** Incremental Build of configuration Debug for project Utn_Bibloteca ****
Info: Internal Builder is used for build
gcc -O0 -g3 -Wall -c -fmessage-length=0 -o "src\\generic.o" "..\\src\\generic.c" 
In file included from ..\src\generic.c:8:
..\src\generic.h:16:25: error: expected ':', ',', ';', '}' or '__attribute__' before '=' token
   16 |  float *pNumeroFlotante = 0;
      |                         ^
..\src\generic.c: In function 'genericRestart':
..\src\generic.c:17:10: error: 'eGeneric' {aka 'struct <anonymous>'} has no member named 'pNumeroFlotante'
   17 |   generic->pNumeroFlotante = 0;
      |          ^~
..\src\generic.c:18:10: error: 'eGeneric' {aka 'struct <anonymous>'} has no member named 'pNumeroFlotante'
   18 |   generic->pNumeroFlotante = NULL;
      |          ^~
..\src\generic.c:19:10: error: 'eGeneric' {aka 'struct <anonymous>'} has no member named 'pRestart'
   19 |   generic->pRestart = NULL;
      |          ^~
09:07:31 **** Incremental Build of configuration Debug for project Utn_Bibloteca ****
Info: Internal Builder is used for build
gcc -O0 -g3 -Wall -c -fmessage-length=0 -o "src\\generic.o" "..\\src\\generic.c" 
In file included from ..\src\generic.c:8:
..\src\generic.h:17:15: error: expected ':', ',', ';', '}' or '__attribute__' before '=' token
   17 |  char *pTexto = NULL;
      |               ^
..\src\generic.c: In function 'genericRestart':
..\src\generic.c:17:10: error: 'eGeneric' {aka 'struct <anonymous>'} has no member named 'pNumeroFlotante'
   17 |   generic->pNumeroFlotante = 0;
      |          ^~
..\src\generic.c:18:10: error: 'eGeneric' {aka 'struct <anonymous>'} has no member named 'pNumeroFlotante'
   18 |   generic->pNumeroFlotante = NULL;
      |          ^~
..\src\generic.c:19:10: error: 'eGeneric' {aka 'struct <anonymous>'} has no member named 'pRestart'
   19 |   generic->pRestart = NULL;
      |          ^~
09:07:38 **** Incremental Build of configuration Debug for project Utn_Bibloteca ****
Info: Internal Builder is used for build
gcc -O0 -g3 -Wall -c -fmessage-length=0 -o "src\\generic.o" "..\\src\\generic.c" 
In file included from ..\src\generic.c:8:
..\src\generic.h:16:25: error: expected ':', ',', ';', '}' or '__attribute__' before '=' token
   16 |  void (*pRestart)(void) = NULL;
      |                         ^
..\src\generic.c: In function 'genericRestart':
..\src\generic.c:16:10: error: 'eGeneric' {aka 'struct <anonymous>'} has no member named 'pNumero'
   16 |   generic->pNumero = 0;
      |          ^~
..\src\generic.c:17:10: error: 'eGeneric' {aka 'struct <anonymous>'} has no member named 'pNumeroFlotante'
   17 |   generic->pNumeroFlotante = 0;
      |          ^~
..\src\generic.c:18:10: error: 'eGeneric' {aka 'struct <anonymous>'} has no member named 'pNumeroFlotante'
   18 |   generic->pNumeroFlotante = NULL;
      |          ^~
..\src\generic.c:19:10: error: 'eGeneric' {aka 'struct <anonymous>'} has no member named 'pRestart'
   19 |   generic->pRestart = NULL;
      |          ^~
09:07:51 **** Incremental Build of configuration Debug for project Utn_Bibloteca ****
Info: Internal Builder is used for build
gcc -O0 -g3 -Wall -c -fmessage-length=0 -o "src\\generic.o" "..\\src\\generic.c" 
..\src\generic.c: In function 'genericRestart':
..\src\generic.c:16:10: error: 'eGeneric' {aka 'struct <anonymous>'} has no member named 'pNumero'
   16 |   generic->pNumero = 0;
      |          ^~
..\src\generic.c:17:10: error: 'eGeneric' {aka 'struct <anonymous>'} has no member named 'pNumeroFlotante'
   17 |   generic->pNumeroFlotante = 0;
      |          ^~
..\src\generic.c:18:10: error: 'eGeneric' {aka 'struct <anonymous>'} has no member named 'pNumeroFlotante'
   18 |   generic->pNumeroFlotante = NULL;
      |          ^~
..\src\generic.c:19:10: error: 'eGeneric' {aka 'struct <anonymous>'} has no member named 'pRestart'
   19 |   generic->pRestart = NULL;
      |          ^~
09:07:57 **** Incremental Build of configuration Debug for project Utn_Bibloteca ****
Info: Internal Builder is used for build
gcc -O0 -g3 -Wall -c -fmessage-length=0 -o "src\\generic.o" "..\\src\\generic.c" 
..\src\generic.c: In function 'genericRestart':
..\src\generic.c:16:10: error: 'eGeneric' {aka 'struct <anonymous>'} has no member named 'pNumero'
   16 |   generic->pNumero = 0;
      |          ^~
..\src\generic.c:17:10: error: 'eGeneric' {aka 'struct <anonymous>'} has no member named 'pNumeroFlotante'
   17 |   generic->pNumeroFlotante = 0;
      |          ^~
..\src\generic.c:18:10: error: 'eGeneric' {aka 'struct <anonymous>'} has no member named 'pNumeroFlotante'
   18 |   generic->pNumeroFlotante = NULL;
      |          ^~
..\src\generic.c:19:10: error: 'eGeneric' {aka 'struct <anonymous>'} has no member named 'pRestart'
   19 |   generic->pRestart = NULL;
      |          ^~
09:08:04 **** Incremental Build of configuration Debug for project Utn_Bibloteca ****
Info: Internal Builder is used for build
gcc -O0 -g3 -Wall -c -fmessage-length=0 -o "src\\generic.o" "..\\src\\generic.c" 
..\src\generic.c: In function 'genericRestart':
..\src\generic.c:16:10: error: 'eGeneric' {aka 'struct <anonymous>'} has no member named 'pNumero'
   16 |   generic->pNumero = 0;
      |          ^~
..\src\generic.c:17:10: error: 'eGeneric' {aka 'struct <anonymous>'} has no member named 'pNumeroFlotante'
   17 |   generic->pNumeroFlotante = 0;
      |          ^~
..\src\generic.c:18:10: error: 'eGeneric' {aka 'struct <anonymous>'} has no member named 'pNumeroFlotante'
   18 |   generic->pNumeroFlotante = NULL;
      |          ^~
..\src\generic.c:19:10: error: 'eGeneric' {aka 'struct <anonymous>'} has no member named 'pRestart'
   19 |   generic->pRestart = NULL;
      |          ^~
09:08:28 **** Incremental Build of configuration Debug for project Utn_Bibloteca ****
Info: Internal Builder is used for build
gcc -O0 -g3 -Wall -c -fmessage-length=0 -o "src\\generic.o" "..\\src\\generic.c" 
In file included from ..\src\generic.c:8:
..\src\generic.h:17:15: error: expected ':', ',', ';', '}' or '__attribute__' before '=' token
   17 |  char *pTexto = NULL;
      |               ^
..\src\generic.c: In function 'genericRestart':
..\src\generic.c:19:10: error: 'eGeneric' {aka 'struct <anonymous>'} has no member named 'pRestart'
   19 |   generic->pRestart = NULL;
      |          ^~
09:08:36 **** Incremental Build of configuration Debug for project Utn_Bibloteca ****
Info: Internal Builder is used for build
gcc -O0 -g3 -Wall -c -fmessage-length=0 -o "src\\generic.o" "..\\src\\generic.c" 
gcc -o Utn_Bibloteca.exe "src\\Empleado.o" "src\\Utn_Bibloteca.o" "src\\generic.o" "src\\utnArray.o" "src\\utnCadenas.o" "src\\utnGUI.o" "src\\utnValidacion.o" 
09:08:53 **** Incremental Build of configuration Debug for project Utn_Bibloteca ****
Info: Internal Builder is used for build
gcc -O0 -g3 -Wall -c -fmessage-length=0 -o "src\\generic.o" "..\\src\\generic.c" 
In file included from ..\src\generic.c:8:
..\src\generic.h:15:15: error: expected ':', ',', ';', '}' or '__attribute__' before '=' token
   15 |  int *pNumero = 0;
      |               ^
..\src\generic.c: In function 'genericRestart':
..\src\generic.c:16:10: error: 'eGeneric' {aka 'struct <anonymous>'} has no member named 'pNumero'
   16 |   generic->pNumero = 0;
      |          ^~
..\src\generic.c:17:10: error: 'eGeneric' {aka 'struct <anonymous>'} has no member named 'pNumeroFlotante'
   17 |   generic->pNumeroFlotante = 0;
      |          ^~
..\src\generic.c:18:10: error: 'eGeneric' {aka 'struct <anonymous>'} has no member named 'pNumeroFlotante'
   18 |   generic->pNumeroFlotante = NULL;
      |          ^~
..\src\generic.c:19:10: error: 'eGeneric' {aka 'struct <anonymous>'} has no member named 'pRestart'
   19 |   generic->pRestart = NULL;
      |          ^~
09:09:01 **** Incremental Build of configuration Debug for project Utn_Bibloteca ****
Info: Internal Builder is used for build
gcc -O0 -g3 -Wall -c -fmessage-length=0 -o "src\\generic.o" "..\\src\\generic.c" 
gcc -o Utn_Bibloteca.exe "src\\Empleado.o" "src\\Utn_Bibloteca.o" "src\\generic.o" "src\\utnArray.o" "src\\utnCadenas.o" "src\\utnGUI.o" "src\\utnValidacion.o" 
09:10:15 **** Incremental Build of configuration Debug for project Utn_Bibloteca ****
Info: Internal Builder is used for build
gcc -O0 -g3 -Wall -c -fmessage-length=0 -o "src\\generic.o" "..\\src\\generic.c" 
In file included from ..\src\generic.c:8:
..\src\generic.h:18:2: warning: parameter names (without types) in function declaration
   18 |  void (*pRestart)(this);
      |  ^~~~
gcc -o Utn_Bibloteca.exe "src\\Empleado.o" "src\\Utn_Bibloteca.o" "src\\generic.o" "src\\utnArray.o" "src\\utnCadenas.o" "src\\utnGUI.o" "src\\utnValidacion.o" 
09:10:23 **** Incremental Build of configuration Debug for project Utn_Bibloteca ****
Info: Internal Builder is used for build
gcc -O0 -g3 -Wall -c -fmessage-length=0 -o "src\\generic.o" "..\\src\\generic.c" 
In file included from ..\src\generic.c:8:
..\src\generic.h:18:2: warning: parameter names (without types) in function declaration
   18 |  void (*pRestart)(eGeneric);
      |  ^~~~
gcc -o Utn_Bibloteca.exe "src\\Empleado.o" "src\\Utn_Bibloteca.o" "src\\generic.o" "src\\utnArray.o" "src\\utnCadenas.o" "src\\utnGUI.o" "src\\utnValidacion.o" 
Info: Nothing to build for Utn_Bibloteca
09:12:00 **** Incremental Build of configuration Debug for project Utn_Bibloteca ****
Info: Internal Builder is used for build
gcc -O0 -g3 -Wall -c -fmessage-length=0 -o "src\\generic.o" "..\\src\\generic.c" 
In file included from ..\src\generic.c:8:
..\src\generic.h:18:19: error: unknown type name 'eGeneric'
   18 |  void (*pRestart)(eGeneric der);
      |                   ^~~~~~~~
..\src\generic.h:20:1: warning: no semicolon at end of struct or union
   20 | }eGeneric;
      | ^
..\src\generic.c: In function 'genericRestart':
..\src\generic.c:19:10: error: 'eGeneric' {aka 'struct <anonymous>'} has no member named 'pRestart'
   19 |   generic->pRestart = NULL;
      |          ^~
09:12:10 **** Incremental Build of configuration Debug for project Utn_Bibloteca ****
Info: Internal Builder is used for build
gcc -O0 -g3 -Wall -c -fmessage-length=0 -o "src\\generic.o" "..\\src\\generic.c" 
gcc -o Utn_Bibloteca.exe "src\\Empleado.o" "src\\Utn_Bibloteca.o" "src\\generic.o" "src\\utnArray.o" "src\\utnCadenas.o" "src\\utnGUI.o" "src\\utnValidacion.o" 
09:19:15 **** Incremental Build of configuration Debug for project Utn_Bibloteca ****
Info: Internal Builder is used for build
gcc -O0 -g3 -Wall -c -fmessage-length=0 -o "src\\Utn_Bibloteca.o" "..\\src\\Utn_Bibloteca.c" 
..\src\Utn_Bibloteca.c: In function 'main':
..\src\Utn_Bibloteca.c:20:6: warning: unused variable 'numeros' [-Wunused-variable]
   20 |  int numeros[5] ={2,3,4,5,6};
      |      ^~~~~~~
gcc -O0 -g3 -Wall -c -fmessage-length=0 -o "src\\utnArray.o" "..\\src\\utnArray.c" 
gcc -O0 -g3 -Wall -c -fmessage-length=0 -o "src\\Empleado.o" "..\\src\\Empleado.c" 
..\src\Empleado.c: In function 'altaEmpleados':
..\src\Empleado.c:99:29: warning: implicit declaration of function 'buscarValorIntEnArray'; did you mean 'buscarIndiceValorIntEnArray'? [-Wimplicit-function-declaration]
   99 |    if ((indiceDelEmpleado = buscarValorIntEnArray(&empleados->isEmpity, tamEmpleado, 1)) == -1)
      |                             ^~~~~~~~~~~~~~~~~~~~~
      |                             buscarIndiceValorIntEnArray
gcc -o Utn_Bibloteca.exe "src\\Empleado.o" "src\\Utn_Bibloteca.o" "src\\generic.o" "src\\utnArray.o" "src\\utnCadenas.o" "src\\utnGUI.o" "src\\utnValidacion.o" 
c:/mingw/bin/../lib/gcc/mingw32/9.2.0/../../../../mingw32/bin/ld.exe: src\Empleado.o: in function `altaEmpleados':
C:\Users\kenyn\eclipse-workspace\Mi_Bibloteca\Utn_Bibloteca\Debug/../src/Empleado.c:99: undefined reference to `buscarValorIntEnArray'
c:/mingw/bin/../lib/gcc/mingw32/9.2.0/../../../../mingw32/bin/ld.exe: src\Empleado.o: in function `modificarEmpleados':
C:\Users\kenyn\eclipse-workspace\Mi_Bibloteca\Utn_Bibloteca\Debug/../src/Empleado.c:221: undefined reference to `buscarValorIntEnArray'
c:/mingw/bin/../lib/gcc/mingw32/9.2.0/../../../../mingw32/bin/ld.exe: src\Empleado.o: in function `eliminarEmpleados':
C:\Users\kenyn\eclipse-workspace\Mi_Bibloteca\Utn_Bibloteca\Debug/../src/Empleado.c:376: undefined reference to `buscarValorIntEnArray'
collect2.exe: error: ld returned 1 exit status
09:19:46 **** Incremental Build of configuration Debug for project Utn_Bibloteca ****
Info: Internal Builder is used for build
gcc -O0 -g3 -Wall -c -fmessage-length=0 -o "src\\Empleado.o" "..\\src\\Empleado.c" 
gcc -o Utn_Bibloteca.exe "src\\Empleado.o" "src\\Utn_Bibloteca.o" "src\\generic.o" "src\\utnArray.o" "src\\utnCadenas.o" "src\\utnGUI.o" "src\\utnValidacion.o" 
11:57:50 **** Incremental Build of configuration Debug for project Utn_Bibloteca ****
Info: Internal Builder is used for build
gcc -O0 -g3 -Wall -c -fmessage-length=0 -o "src\\Utn_Bibloteca.o" "..\\src\\Utn_Bibloteca.c" 
In file included from ..\src\Utn_Bibloteca.c:14:
..\src\utnArray.h:182:1: error: unknown type name 'eUtnArray'
  182 | eUtnArray buscarValorIntEnArray(int array[], int tam, int valorBuscado);
      | ^~~~~~~~~
..\src\Utn_Bibloteca.c: In function 'main':
..\src\Utn_Bibloteca.c:24:2: error: unknown type name 'eEmpleado'
   24 |  eEmpleado* d;
      |  ^~~~~~~~~
..\src\Utn_Bibloteca.c:24:13: warning: unused variable 'd' [-Wunused-variable]
   24 |  eEmpleado* d;
      |             ^
..\src\Utn_Bibloteca.c:20:6: warning: unused variable 'numeros' [-Wunused-variable]
   20 |  int numeros[5] ={2,3,4,5,6};
      |      ^~~~~~~
11:58:08 **** Incremental Build of configuration Debug for project Utn_Bibloteca ****
Info: Internal Builder is used for build
gcc -O0 -g3 -Wall -c -fmessage-length=0 -o "src\\Utn_Bibloteca.o" "..\\src\\Utn_Bibloteca.c" 
In file included from ..\src\Utn_Bibloteca.c:14:
..\src\utnArray.h:182:1: error: unknown type name 'eUtnArray'
  182 | eUtnArray buscarValorIntEnArray(int array[], int tam, int valorBuscado);
      | ^~~~~~~~~
11:58:17 **** Incremental Build of configuration Debug for project Utn_Bibloteca ****
Info: Internal Builder is used for build
gcc -O0 -g3 -Wall -c -fmessage-length=0 -o "src\\utnArray.o" "..\\src\\utnArray.c" 
gcc -O0 -g3 -Wall -c -fmessage-length=0 -o "src\\Empleado.o" "..\\src\\Empleado.c" 
gcc -O0 -g3 -Wall -c -fmessage-length=0 -o "src\\Utn_Bibloteca.o" "..\\src\\Utn_Bibloteca.c" 
gcc -o Utn_Bibloteca.exe "src\\Empleado.o" "src\\Utn_Bibloteca.o" "src\\generic.o" "src\\utnArray.o" "src\\utnCadenas.o" "src\\utnGUI.o" "src\\utnValidacion.o" 
